<?xml version="1.0" encoding="UTF-8"?>
<!-- Generated by org.testng.reporters.JUnitXMLReporter -->
<testsuite ignored="0" hostname="manasis-air.lan" failures="0" tests="3" name="Default test" time="15.329" errors="0" timestamp="2024-08-26T14:25:23 CDT">
  <testcase classname="com.seleniumframework.Amazonshopping" name="navigateToAmazon" time="4.822"/>
  <testcase classname="com.seleniumframework.Amazonshopping" name="searchItem" time="0.955"/>
  <testcase classname="com.seleniumframework.Amazonshopping" name="addItemToCart" time="5.808"/>
</testsuite> <!-- Default test -->
