<?xml version="1.0" encoding="UTF-8"?>
<testng-results ignored="0" total="4" passed="4" failed="0" skipped="0">
  <reporter-output>
  </reporter-output>
  <suite started-at="2024-08-26T16:23:13 CDT" name="Default suite" finished-at="2024-08-26T16:23:28 CDT" duration-ms="14597">
    <groups>
      <group name="Startshopping">
        <method signature="Amazonshopping.navigateToAmazon()[pri:1, instance:com.seleniumframework.Amazonshopping@49049a04]" name="navigateToAmazon" class="com.seleniumframework.Amazonshopping"/>
        <method signature="Amazonshopping.searchItem()[pri:2, instance:com.seleniumframework.Amazonshopping@49049a04]" name="searchItem" class="com.seleniumframework.Amazonshopping"/>
        <method signature="Amazonshopping.addItemToCart()[pri:3, instance:com.seleniumframework.Amazonshopping@49049a04]" name="addItemToCart" class="com.seleniumframework.Amazonshopping"/>
        <method signature="Amazonshopping.assert_item_added()[pri:4, instance:com.seleniumframework.Amazonshopping@49049a04]" name="assert_item_added" class="com.seleniumframework.Amazonshopping"/>
      </group> <!-- Startshopping -->
    </groups>
    <test started-at="2024-08-26T16:23:13 CDT" name="Default test" finished-at="2024-08-26T16:23:28 CDT" duration-ms="14597">
      <class name="com.seleniumframework.Amazonshopping">
        <test-method is-config="true" signature="BaseTest()[pri:0, instance:com.seleniumframework.Amazonshopping@49049a04]" started-at="2024-08-26T16:23:13 CDT" name="BaseTest" finished-at="2024-08-26T16:23:16 CDT" duration-ms="3073" status="PASS">
          <reporter-output>
          </reporter-output>
        </test-method> <!-- BaseTest -->
        <test-method signature="navigateToAmazon()[pri:1, instance:com.seleniumframework.Amazonshopping@49049a04]" started-at="2024-08-26T16:23:16 CDT" name="navigateToAmazon" finished-at="2024-08-26T16:23:21 CDT" duration-ms="4282" status="PASS">
          <reporter-output>
          </reporter-output>
        </test-method> <!-- navigateToAmazon -->
        <test-method signature="searchItem()[pri:2, instance:com.seleniumframework.Amazonshopping@49049a04]" started-at="2024-08-26T16:23:21 CDT" name="searchItem" finished-at="2024-08-26T16:23:21 CDT" duration-ms="547" status="PASS">
          <reporter-output>
          </reporter-output>
        </test-method> <!-- searchItem -->
        <test-method signature="addItemToCart()[pri:3, instance:com.seleniumframework.Amazonshopping@49049a04]" started-at="2024-08-26T16:23:21 CDT" name="addItemToCart" finished-at="2024-08-26T16:23:28 CDT" duration-ms="6449" status="PASS">
          <reporter-output>
          </reporter-output>
        </test-method> <!-- addItemToCart -->
        <test-method signature="assert_item_added()[pri:4, instance:com.seleniumframework.Amazonshopping@49049a04]" started-at="2024-08-26T16:23:28 CDT" name="assert_item_added" finished-at="2024-08-26T16:23:28 CDT" duration-ms="64" status="PASS">
          <reporter-output>
          </reporter-output>
        </test-method> <!-- assert_item_added -->
      </class> <!-- com.seleniumframework.Amazonshopping -->
    </test> <!-- Default test -->
  </suite> <!-- Default suite -->
</testng-results>
